Using pre-set license
Built from '2020.3/staging' branch; Version is '2020.3.32f1 (12f8b0834f07) revision 1243312'; Using compiler version '192528614'; Build Type 'Release'
OS: 'Windows 10  (10.0.19044) 64bit CoreSingleLanguage' Language: 'en' Physical Memory: 7541 MB
BatchMode: 1, IsHumanControllingUs: 0, StartBugReporterOnCrash: 0, Is64bit: 1, IsPro: 0

COMMAND LINE ARGUMENTS:
C:\Program Files\Unity\Hub\Editor\2020.3.32f1\Editor\Unity.exe
-adb2
-batchMode
-noUpm
-name
AssetImportWorker0
-projectPath
C:/Users/akash/Chapter1
-logFile
Logs/AssetImportWorker0.log
-srvPort
51657
Successfully changed project path to: C:/Users/akash/Chapter1
C:/Users/akash/Chapter1
Using Asset Import Pipeline V2.
Refreshing native plugins compatible for Editor in 84.89 ms, found 3 plugins.
Preloading 0 native plugins for Editor in 0.00 ms.
Initialize engine version: 2020.3.32f1 (12f8b0834f07)
[Subsystems] Discovering subsystems at path C:/Program Files/Unity/Hub/Editor/2020.3.32f1/Editor/Data/Resources/UnitySubsystems
[Subsystems] Discovering subsystems at path C:/Users/akash/Chapter1/Assets
GfxDevice: creating device client; threaded=0
Direct3D:
    Version:  Direct3D 11.0 [level 11.1]
    Renderer: NVIDIA GeForce GTX 1650 (ID=0x1f99)
    Vendor:   
    VRAM:     3962 MB
    Driver:   30.0.15.1278
Initialize mono
Mono path[0] = 'C:/Program Files/Unity/Hub/Editor/2020.3.32f1/Editor/Data/Managed'
Mono path[1] = 'C:/Program Files/Unity/Hub/Editor/2020.3.32f1/Editor/Data/MonoBleedingEdge/lib/mono/unityjit'
Mono config path = 'C:/Program Files/Unity/Hub/Editor/2020.3.32f1/Editor/Data/MonoBleedingEdge/etc'
Using monoOptions --debugger-agent=transport=dt_socket,embedding=1,server=y,suspend=n,address=127.0.0.1:56132
Begin MonoManager ReloadAssembly
Registering precompiled unity dll's ...
Register platform support module: C:/Program Files/Unity/Hub/Editor/2020.3.32f1/Editor/Data/PlaybackEngines/WebGLSupport/UnityEditor.WebGL.Extensions.dll
Register platform support module: C:/Program Files/Unity/Hub/Editor/2020.3.32f1/Editor/Data/PlaybackEngines/WindowsStandaloneSupport/UnityEditor.WindowsStandalone.Extensions.dll
Registered in 0.006430 seconds.
Native extension for WindowsStandalone target not found
Native extension for WebGL target not found
Refreshing native plugins compatible for Editor in 78.06 ms, found 3 plugins.
Preloading 0 native plugins for Editor in 0.00 ms.
Mono: successfully reloaded assembly
- Completed reload, in  0.700 seconds
Domain Reload Profiling:
	ReloadAssembly (700ms)
		BeginReloadAssembly (117ms)
			ExecutionOrderSort (0ms)
			DisableScriptedObjects (0ms)
			BackupInstance (0ms)
			ReleaseScriptingObjects (0ms)
			CreateAndSetChildDomain (1ms)
		EndReloadAssembly (499ms)
			LoadAssemblies (116ms)
			RebuildTransferFunctionScriptingTraits (0ms)
			SetupTypeCache (147ms)
			ReleaseScriptCaches (0ms)
			RebuildScriptCaches (28ms)
			SetupLoadedEditorAssemblies (211ms)
				LogAssemblyErrors (0ms)
				InitializePlatformSupportModulesInManaged (7ms)
				SetLoadedEditorAssemblies (0ms)
				RefreshPlugins (78ms)
				BeforeProcessingInitializeOnLoad (13ms)
				ProcessInitializeOnLoadAttributes (82ms)
				ProcessInitializeOnLoadMethodAttributes (31ms)
				AfterProcessingInitializeOnLoad (0ms)
				EditorAssembliesLoaded (0ms)
			ExecutionOrderSort2 (0ms)
			AwakeInstancesAfterBackupRestoration (0ms)
Platform modules already initialized, skipping
Registering precompiled user dll's ...
Registered in 0.011596 seconds.
Begin MonoManager ReloadAssembly
Native extension for WindowsStandalone target not found
Native extension for WebGL target not found
Refreshing native plugins compatible for Editor in 79.70 ms, found 3 plugins.
Preloading 0 native plugins for Editor in 0.00 ms.
Mono: successfully reloaded assembly
- Completed reload, in  1.634 seconds
Domain Reload Profiling:
	ReloadAssembly (1640ms)
		BeginReloadAssembly (216ms)
			ExecutionOrderSort (0ms)
			DisableScriptedObjects (5ms)
			BackupInstance (0ms)
			ReleaseScriptingObjects (0ms)
			CreateAndSetChildDomain (34ms)
		EndReloadAssembly (1342ms)
			LoadAssemblies (232ms)
			RebuildTransferFunctionScriptingTraits (0ms)
			SetupTypeCache (338ms)
			ReleaseScriptCaches (1ms)
			RebuildScriptCaches (63ms)
			SetupLoadedEditorAssemblies (584ms)
				LogAssemblyErrors (0ms)
				InitializePlatformSupportModulesInManaged (9ms)
				SetLoadedEditorAssemblies (0ms)
				RefreshPlugins (80ms)
				BeforeProcessingInitializeOnLoad (100ms)
				ProcessInitializeOnLoadAttributes (361ms)
				ProcessInitializeOnLoadMethodAttributes (25ms)
				AfterProcessingInitializeOnLoad (10ms)
				EditorAssembliesLoaded (0ms)
			ExecutionOrderSort2 (0ms)
			AwakeInstancesAfterBackupRestoration (6ms)
Platform modules already initialized, skipping
========================================================================
Worker process is ready to serve import requests
Launched and connected shader compiler UnityShaderCompiler.exe after 0.17 seconds
Refreshing native plugins compatible for Editor in 2.84 ms, found 3 plugins.
Preloading 0 native plugins for Editor in 0.00 ms.
Unloading 2671 Unused Serialized files (Serialized files now loaded: 0)
System memory in use before: 122.9 MB.
System memory in use after: 123.0 MB.

Unloading 32 unused Assets to reduce memory usage. Loaded Objects now: 3103.
Total: 31.289800 ms (FindLiveObjects: 1.636100 ms CreateObjectMapping: 0.414600 ms MarkObjects: 27.976900 ms  DeleteObjects: 1.253900 ms)

AssetImportParameters requested are different than current active one (requested -> active):
  custom:framework-win-MediaFoundation: 216162199b28c13a410421893ffa2e32 -> 
  custom:video-decoder-ogg-theora: a1e56fd34408186e4bbccfd4996cb3dc -> 
  custom:container-muxer-webm: aa71ff27fc2769a1b78a27578f13a17b -> 
  custom:container-demuxer-webm: 4f35f7cbe854078d1ac9338744f61a02 -> 
  custom:container-demuxer-ogg: 62fdf1f143b41e24485cea50d1cbac27 -> 
  custom:video-encoder-webm-vp8: eb34c28f22e8b96e1ab97ce403110664 -> 
  custom:video-codec-MediaFoundation-h265: 746d11721c4dcdbdad8f713fa42b33f4 -> 
  custom:video-decoder-webm-vp8: 9c59270c3fd7afecdb556c50c9e8de78 -> 
  custom:audio-decoder-ogg-vorbis: bf7c407c2cedff20999df2af8eb42d56 -> 
  custom:audio-encoder-webm-vorbis: bf7c407c2cedff20999df2af8eb42d56 -> 
========================================================================
Received Import Request.
  path: Assets/Prefab/PlayerAnimation/Player.controller
  artifactKey: Guid(2eccff3d4632eb0448fb8c7458292dc7) Importer(815301076,1909f56bfc062723c751e8b465ee728b)
Start importing Assets/Prefab/PlayerAnimation/Player.controller using Guid(2eccff3d4632eb0448fb8c7458292dc7) Importer(815301076,1909f56bfc062723c751e8b465ee728b)  -> (artifact id: '258495bf0dec762a235d86b2ad7e474a') in 0.193756 seconds 
========================================================================
Received Prepare
Registering precompiled user dll's ...
Registered in 0.006894 seconds.
Begin MonoManager ReloadAssembly
Native extension for WindowsStandalone target not found
Native extension for WebGL target not found
Refreshing native plugins compatible for Editor in 1.28 ms, found 3 plugins.
Preloading 0 native plugins for Editor in 0.00 ms.
Mono: successfully reloaded assembly
- Completed reload, in  1.466 seconds
Domain Reload Profiling:
	ReloadAssembly (1469ms)
		BeginReloadAssembly (359ms)
			ExecutionOrderSort (0ms)
			DisableScriptedObjects (20ms)
			BackupInstance (0ms)
			ReleaseScriptingObjects (0ms)
			CreateAndSetChildDomain (174ms)
		EndReloadAssembly (1028ms)
			LoadAssemblies (195ms)
			RebuildTransferFunctionScriptingTraits (0ms)
			SetupTypeCache (364ms)
			ReleaseScriptCaches (1ms)
			RebuildScriptCaches (51ms)
			SetupLoadedEditorAssemblies (364ms)
				LogAssemblyErrors (0ms)
				InitializePlatformSupportModulesInManaged (7ms)
				SetLoadedEditorAssemblies (1ms)
				RefreshPlugins (1ms)
				BeforeProcessingInitializeOnLoad (121ms)
				ProcessInitializeOnLoadAttributes (209ms)
				ProcessInitializeOnLoadMethodAttributes (14ms)
				AfterProcessingInitializeOnLoad (10ms)
				EditorAssembliesLoaded (0ms)
			ExecutionOrderSort2 (0ms)
			AwakeInstancesAfterBackupRestoration (17ms)
Platform modules already initialized, skipping
Refreshing native plugins compatible for Editor in 0.89 ms, found 3 plugins.
Preloading 0 native plugins for Editor in 0.00 ms.
Unloading 2618 Unused Serialized files (Serialized files now loaded: 0)
System memory in use before: 118.2 MB.
System memory in use after: 118.2 MB.

Unloading 21 unused Assets to reduce memory usage. Loaded Objects now: 3106.
Total: 5.777700 ms (FindLiveObjects: 0.377300 ms CreateObjectMapping: 0.090500 ms MarkObjects: 5.045600 ms  DeleteObjects: 0.261500 ms)

AssetImportParameters requested are different than current active one (requested -> active):
  custom:framework-win-MediaFoundation: 216162199b28c13a410421893ffa2e32 -> 
  custom:video-decoder-ogg-theora: a1e56fd34408186e4bbccfd4996cb3dc -> 
  custom:container-muxer-webm: aa71ff27fc2769a1b78a27578f13a17b -> 
  custom:container-demuxer-webm: 4f35f7cbe854078d1ac9338744f61a02 -> 
  custom:container-demuxer-ogg: 62fdf1f143b41e24485cea50d1cbac27 -> 
  custom:video-encoder-webm-vp8: eb34c28f22e8b96e1ab97ce403110664 -> 
  custom:video-codec-MediaFoundation-h265: 746d11721c4dcdbdad8f713fa42b33f4 -> 
  custom:video-decoder-webm-vp8: 9c59270c3fd7afecdb556c50c9e8de78 -> 
  custom:audio-decoder-ogg-vorbis: bf7c407c2cedff20999df2af8eb42d56 -> 
  custom:audio-encoder-webm-vorbis: bf7c407c2cedff20999df2af8eb42d56 -> 
========================================================================
Received Import Request.
  Time since last request: 370.949123 seconds.
  path: Assets/Prefab/PlayerAnimation/Player_jump.anim
  artifactKey: Guid(ce991584ad58c5647b06b1bb8fe263da) Importer(815301076,1909f56bfc062723c751e8b465ee728b)
Start importing Assets/Prefab/PlayerAnimation/Player_jump.anim using Guid(ce991584ad58c5647b06b1bb8fe263da) Importer(815301076,1909f56bfc062723c751e8b465ee728b)  -> (artifact id: 'a3e9ce545f29011bac86cec8ec6836d4') in 0.340180 seconds 
========================================================================
Received Import Request.
  Time since last request: 283.324582 seconds.
  path: Assets/2DGamekit/Art/Sprites/AnimatedSprites/Ellen/Animations/Crouch
  artifactKey: Guid(45ccc4b44aeda2a489ab0762c16383a1) Importer(815301076,1909f56bfc062723c751e8b465ee728b)
Start importing Assets/2DGamekit/Art/Sprites/AnimatedSprites/Ellen/Animations/Crouch using Guid(45ccc4b44aeda2a489ab0762c16383a1) Importer(815301076,1909f56bfc062723c751e8b465ee728b)  -> (artifact id: '9d6bab94be0853420ce4121b9e669527') in 0.036968 seconds 
========================================================================
Received Import Request.
  Time since last request: 2.421718 seconds.
  path: Assets/2DGamekit/Art/Sprites/AnimatedSprites/Ellen/Animations/Crouch/Anim_CROUCH_00003.png
  artifactKey: Guid(5a1cef7e9c9ed034da742d0e08ea786a) Importer(815301076,1909f56bfc062723c751e8b465ee728b)
Start importing Assets/2DGamekit/Art/Sprites/AnimatedSprites/Ellen/Animations/Crouch/Anim_CROUCH_00003.png using Guid(5a1cef7e9c9ed034da742d0e08ea786a) Importer(815301076,1909f56bfc062723c751e8b465ee728b)  -> (artifact id: '5d5c107ab09f08fae74843741fcef486') in 0.819691 seconds 
========================================================================
Received Import Request.
  Time since last request: 0.000600 seconds.
  path: Assets/2DGamekit/Art/Sprites/AnimatedSprites/Ellen/Animations/Crouch/Anim_CROUCH_00009.png
  artifactKey: Guid(a9e9e74909b5a0947a093069d6a017cc) Importer(815301076,1909f56bfc062723c751e8b465ee728b)
Start importing Assets/2DGamekit/Art/Sprites/AnimatedSprites/Ellen/Animations/Crouch/Anim_CROUCH_00009.png using Guid(a9e9e74909b5a0947a093069d6a017cc) Importer(815301076,1909f56bfc062723c751e8b465ee728b)  -> (artifact id: 'd84e31815e1f937d50337dc61666571a') in 0.051948 seconds 
========================================================================
Received Import Request.
  Time since last request: 0.000556 seconds.
  path: Assets/2DGamekit/Art/Sprites/AnimatedSprites/Ellen/Animations/Crouch/Anim_CROUCH_00005.png
  artifactKey: Guid(a9c37448b62c0d149aced6ded9e44e4a) Importer(815301076,1909f56bfc062723c751e8b465ee728b)
Start importing Assets/2DGamekit/Art/Sprites/AnimatedSprites/Ellen/Animations/Crouch/Anim_CROUCH_00005.png using Guid(a9c37448b62c0d149aced6ded9e44e4a) Importer(815301076,1909f56bfc062723c751e8b465ee728b)  -> (artifact id: '607a22b6b0d986d7fc94c591a72e8e8a') in 0.048080 seconds 
========================================================================
Received Import Request.
  Time since last request: 0.000761 seconds.
  path: Assets/2DGamekit/Art/Sprites/AnimatedSprites/Ellen/Animations/Crouch/Anim_CROUCH_00011.png
  artifactKey: Guid(b5b9f448600b9aa4daa1d9fd5069a764) Importer(815301076,1909f56bfc062723c751e8b465ee728b)
Start importing Assets/2DGamekit/Art/Sprites/AnimatedSprites/Ellen/Animations/Crouch/Anim_CROUCH_00011.png using Guid(b5b9f448600b9aa4daa1d9fd5069a764) Importer(815301076,1909f56bfc062723c751e8b465ee728b)  -> (artifact id: '5c10395a7fcbc603c036a255d825a84d') in 0.050837 seconds 
========================================================================
Received Import Request.
  Time since last request: 0.000632 seconds.
  path: Assets/2DGamekit/Art/Sprites/AnimatedSprites/Ellen/Animations/Crouch/Anim_CROUCH_00007.png
  artifactKey: Guid(7d37e1dfeba60ea4a8803c12675079b6) Importer(815301076,1909f56bfc062723c751e8b465ee728b)
Start importing Assets/2DGamekit/Art/Sprites/AnimatedSprites/Ellen/Animations/Crouch/Anim_CROUCH_00007.png using Guid(7d37e1dfeba60ea4a8803c12675079b6) Importer(815301076,1909f56bfc062723c751e8b465ee728b)  -> (artifact id: '32b8f74eb32ee799e45707d02f3785b3') in 0.046992 seconds 
========================================================================
Received Import Request.
  Time since last request: 241.308035 seconds.
  path: Assets/2DGamekit/Art/Sprites/AnimatedSprites/Ellen/Animations/IdleWithGun/Anim_IDLE_WITHGUN_00001.png
  artifactKey: Guid(28b55e113ed8d2e499533bc878cf9c3e) Importer(815301076,1909f56bfc062723c751e8b465ee728b)
Start importing Assets/2DGamekit/Art/Sprites/AnimatedSprites/Ellen/Animations/IdleWithGun/Anim_IDLE_WITHGUN_00001.png using Guid(28b55e113ed8d2e499533bc878cf9c3e) Importer(815301076,1909f56bfc062723c751e8b465ee728b)  -> (artifact id: '8cf9d5414a1506a86717b636dd09bed0') in 0.131828 seconds 
========================================================================
Received Import Request.
  Time since last request: 0.000664 seconds.
  path: Assets/2DGamekit/Art/Sprites/AnimatedSprites/Ellen/Animations/IdleWithGun/Anim_IDLE_WITHGUN_00007.png
  artifactKey: Guid(7f64c56c59a2fd7429f7ec776a4213a2) Importer(815301076,1909f56bfc062723c751e8b465ee728b)
Start importing Assets/2DGamekit/Art/Sprites/AnimatedSprites/Ellen/Animations/IdleWithGun/Anim_IDLE_WITHGUN_00007.png using Guid(7f64c56c59a2fd7429f7ec776a4213a2) Importer(815301076,1909f56bfc062723c751e8b465ee728b)  -> (artifact id: 'c763892b0cd560786fcd05ca9394c489') in 0.067080 seconds 
========================================================================
Received Import Request.
  Time since last request: 0.000730 seconds.
  path: Assets/2DGamekit/Art/Sprites/AnimatedSprites/Ellen/Animations/IdleWithGun/Anim_IDLE_WITHGUN_00023.png
  artifactKey: Guid(129972c0ed661da47bd600512df59822) Importer(815301076,1909f56bfc062723c751e8b465ee728b)
Start importing Assets/2DGamekit/Art/Sprites/AnimatedSprites/Ellen/Animations/IdleWithGun/Anim_IDLE_WITHGUN_00023.png using Guid(129972c0ed661da47bd600512df59822) Importer(815301076,1909f56bfc062723c751e8b465ee728b)  -> (artifact id: 'ee941f525bcc891b6f47008e4428a1cd') in 0.055147 seconds 
========================================================================
Received Import Request.
  Time since last request: 0.001063 seconds.
  path: Assets/2DGamekit/Art/Sprites/AnimatedSprites/Ellen/Animations/IdleWithGun/Anim_IDLE_WITHGUN_00025.png
  artifactKey: Guid(9346fa5c7f34ca845954029ac6857a12) Importer(815301076,1909f56bfc062723c751e8b465ee728b)
Start importing Assets/2DGamekit/Art/Sprites/AnimatedSprites/Ellen/Animations/IdleWithGun/Anim_IDLE_WITHGUN_00025.png using Guid(9346fa5c7f34ca845954029ac6857a12) Importer(815301076,1909f56bfc062723c751e8b465ee728b)  -> (artifact id: '2b5d432b3d58e5b2afe52cfe40861c6d') in 0.063168 seconds 
========================================================================
Received Import Request.
  Time since last request: 0.000674 seconds.
  path: Assets/2DGamekit/Art/Sprites/AnimatedSprites/Ellen/Animations/IdleWithGun/Anim_IDLE_WITHGUN_00011.png
  artifactKey: Guid(8f8e5b3d53a0deb4d88a6a25a3db5ac4) Importer(815301076,1909f56bfc062723c751e8b465ee728b)
Start importing Assets/2DGamekit/Art/Sprites/AnimatedSprites/Ellen/Animations/IdleWithGun/Anim_IDLE_WITHGUN_00011.png using Guid(8f8e5b3d53a0deb4d88a6a25a3db5ac4) Importer(815301076,1909f56bfc062723c751e8b465ee728b)  -> (artifact id: 'b1ec7c4be38ef7d19e632cd11329e5e0') in 0.059119 seconds 
========================================================================
Received Import Request.
  Time since last request: 0.000864 seconds.
  path: Assets/2DGamekit/Art/Sprites/AnimatedSprites/Ellen/Animations/IdleWithGun/Anim_IDLE_WITHGUN_00021.png
  artifactKey: Guid(5edee3b2ea56ae64881eacb7f58be021) Importer(815301076,1909f56bfc062723c751e8b465ee728b)
Start importing Assets/2DGamekit/Art/Sprites/AnimatedSprites/Ellen/Animations/IdleWithGun/Anim_IDLE_WITHGUN_00021.png using Guid(5edee3b2ea56ae64881eacb7f58be021) Importer(815301076,1909f56bfc062723c751e8b465ee728b)  -> (artifact id: 'ef1619e1d4632a390f131526c6674867') in 0.050893 seconds 
========================================================================
Received Import Request.
  Time since last request: 0.000510 seconds.
  path: Assets/2DGamekit/Art/Sprites/AnimatedSprites/Ellen/Animations/IdleWithGun/Anim_IDLE_WITHGUN_00027.png
  artifactKey: Guid(b0acf1d76f96df547a6135841ee354f8) Importer(815301076,1909f56bfc062723c751e8b465ee728b)
Start importing Assets/2DGamekit/Art/Sprites/AnimatedSprites/Ellen/Animations/IdleWithGun/Anim_IDLE_WITHGUN_00027.png using Guid(b0acf1d76f96df547a6135841ee354f8) Importer(815301076,1909f56bfc062723c751e8b465ee728b)  -> (artifact id: 'cc7dfadc46ced21a8404c0fabb2aec3e') in 0.042627 seconds 
========================================================================
Received Import Request.
  Time since last request: 0.000525 seconds.
  path: Assets/2DGamekit/Art/Sprites/AnimatedSprites/Ellen/Animations/IdleWithGun/Anim_IDLE_WITHGUN_00009.png
  artifactKey: Guid(7568b5e22ac6e1b4687bb661ac8f0d74) Importer(815301076,1909f56bfc062723c751e8b465ee728b)
Start importing Assets/2DGamekit/Art/Sprites/AnimatedSprites/Ellen/Animations/IdleWithGun/Anim_IDLE_WITHGUN_00009.png using Guid(7568b5e22ac6e1b4687bb661ac8f0d74) Importer(815301076,1909f56bfc062723c751e8b465ee728b)  -> (artifact id: '6ec3f1420ca58c52a9722c7aa4f516a2') in 0.040943 seconds 
========================================================================
Received Import Request.
  Time since last request: 0.000478 seconds.
  path: Assets/2DGamekit/Art/Sprites/AnimatedSprites/Ellen/Animations/IdleWithGun/Anim_IDLE_WITHGUN_00013.png
  artifactKey: Guid(b0cff70733e6b0b41a5ad812ead6cd8b) Importer(815301076,1909f56bfc062723c751e8b465ee728b)
Start importing Assets/2DGamekit/Art/Sprites/AnimatedSprites/Ellen/Animations/IdleWithGun/Anim_IDLE_WITHGUN_00013.png using Guid(b0cff70733e6b0b41a5ad812ead6cd8b) Importer(815301076,1909f56bfc062723c751e8b465ee728b)  -> (artifact id: '906890a3fa3f107a13a32f8300d7a97e') in 0.045440 seconds 
========================================================================
Received Import Request.
  Time since last request: 0.000446 seconds.
  path: Assets/2DGamekit/Art/Sprites/AnimatedSprites/Ellen/Animations/IdleWithGun/Anim_IDLE_WITHGUN_00029.png
  artifactKey: Guid(0a78267c907b61449a0367178cabe70c) Importer(815301076,1909f56bfc062723c751e8b465ee728b)
Start importing Assets/2DGamekit/Art/Sprites/AnimatedSprites/Ellen/Animations/IdleWithGun/Anim_IDLE_WITHGUN_00029.png using Guid(0a78267c907b61449a0367178cabe70c) Importer(815301076,1909f56bfc062723c751e8b465ee728b)  -> (artifact id: 'cbc8bf7cf76f8705f4082dcc9c8f8e0b') in 0.041219 seconds 
========================================================================
Received Import Request.
  Time since last request: 0.000527 seconds.
  path: Assets/2DGamekit/Art/Sprites/AnimatedSprites/Ellen/Animations/IdleWithGun/Anim_IDLE_WITHGUN_00005.png
  artifactKey: Guid(753548c84e6e0264da62aca9c26f94c4) Importer(815301076,1909f56bfc062723c751e8b465ee728b)
Start importing Assets/2DGamekit/Art/Sprites/AnimatedSprites/Ellen/Animations/IdleWithGun/Anim_IDLE_WITHGUN_00005.png using Guid(753548c84e6e0264da62aca9c26f94c4) Importer(815301076,1909f56bfc062723c751e8b465ee728b)  -> (artifact id: 'ab18317fb5895ce6c87c26431d3c2cf4') in 0.044080 seconds 
========================================================================
Received Import Request.
  Time since last request: 0.000542 seconds.
  path: Assets/2DGamekit/Art/Sprites/AnimatedSprites/Ellen/Animations/IdleWithGun/Anim_IDLE_WITHGUN_00003.png
  artifactKey: Guid(b2d03960805e00146a93e7a607cc5f72) Importer(815301076,1909f56bfc062723c751e8b465ee728b)
Start importing Assets/2DGamekit/Art/Sprites/AnimatedSprites/Ellen/Animations/IdleWithGun/Anim_IDLE_WITHGUN_00003.png using Guid(b2d03960805e00146a93e7a607cc5f72) Importer(815301076,1909f56bfc062723c751e8b465ee728b)  -> (artifact id: 'b510e7b7de91e911d7883d7c91b8d68c') in 0.041144 seconds 
========================================================================
Received Import Request.
  Time since last request: 0.002822 seconds.
  path: Assets/2DGamekit/Art/Sprites/AnimatedSprites/Ellen/Animations/IdleWithGun/Anim_IDLE_WITHGUN_00015.png
  artifactKey: Guid(1877f93426f7f3848a2d0ec5ec6ee4a1) Importer(815301076,1909f56bfc062723c751e8b465ee728b)
Start importing Assets/2DGamekit/Art/Sprites/AnimatedSprites/Ellen/Animations/IdleWithGun/Anim_IDLE_WITHGUN_00015.png using Guid(1877f93426f7f3848a2d0ec5ec6ee4a1) Importer(815301076,1909f56bfc062723c751e8b465ee728b)  -> (artifact id: 'd58eaae64305b4675e200336d6f6f537') in 0.063062 seconds 
========================================================================
Received Import Request.
  Time since last request: 0.000664 seconds.
  path: Assets/2DGamekit/Art/Sprites/AnimatedSprites/Ellen/Animations/IdleWithGun/Anim_IDLE_WITHGUN_00019.png
  artifactKey: Guid(455b6008820c4b143bdc7ed7c6cd29c4) Importer(815301076,1909f56bfc062723c751e8b465ee728b)
Start importing Assets/2DGamekit/Art/Sprites/AnimatedSprites/Ellen/Animations/IdleWithGun/Anim_IDLE_WITHGUN_00019.png using Guid(455b6008820c4b143bdc7ed7c6cd29c4) Importer(815301076,1909f56bfc062723c751e8b465ee728b)  -> (artifact id: 'c52d9e5a0ea9afcf496224a465716c83') in 0.040144 seconds 
========================================================================
Received Import Request.
  Time since last request: 0.000575 seconds.
  path: Assets/2DGamekit/Art/Sprites/AnimatedSprites/Ellen/Animations/IdleWithGun/Anim_IDLE_WITHGUN_00017.png
  artifactKey: Guid(d366315072065fc4891bc2f5281daca4) Importer(815301076,1909f56bfc062723c751e8b465ee728b)
Start importing Assets/2DGamekit/Art/Sprites/AnimatedSprites/Ellen/Animations/IdleWithGun/Anim_IDLE_WITHGUN_00017.png using Guid(d366315072065fc4891bc2f5281daca4) Importer(815301076,1909f56bfc062723c751e8b465ee728b)  -> (artifact id: '74a17dc22a2cbc203fd03bafce7c80e9') in 0.041081 seconds 
========================================================================
Received Import Request.
  Time since last request: 9.850980 seconds.
  path: Assets/2DGamekit/Art/Sprites/AnimatedSprites/Ellen/Animations/Jump/Anim_JUMP_01.png
  artifactKey: Guid(5767e2180fcbb7a4d9980e9a37e3d588) Importer(815301076,1909f56bfc062723c751e8b465ee728b)
Start importing Assets/2DGamekit/Art/Sprites/AnimatedSprites/Ellen/Animations/Jump/Anim_JUMP_01.png using Guid(5767e2180fcbb7a4d9980e9a37e3d588) Importer(815301076,1909f56bfc062723c751e8b465ee728b)  -> (artifact id: '51e722a10a2d4c35ef54e40e9a9ad33e') in 0.050939 seconds 
========================================================================
Received Import Request.
  Time since last request: 0.000658 seconds.
  path: Assets/2DGamekit/Art/Sprites/AnimatedSprites/Ellen/Animations/Jump/Anim_JUMP_05.png
  artifactKey: Guid(4214a14962bcf4943baf9e184b9b928e) Importer(815301076,1909f56bfc062723c751e8b465ee728b)
Start importing Assets/2DGamekit/Art/Sprites/AnimatedSprites/Ellen/Animations/Jump/Anim_JUMP_05.png using Guid(4214a14962bcf4943baf9e184b9b928e) Importer(815301076,1909f56bfc062723c751e8b465ee728b)  -> (artifact id: '20af6adbc1e96c6b72f50c0620e0b266') in 0.054345 seconds 
========================================================================
Received Import Request.
  Time since last request: 0.000843 seconds.
  path: Assets/2DGamekit/Art/Sprites/AnimatedSprites/Ellen/Animations/Jump/Anim_JUMP_11.png
  artifactKey: Guid(7dcbef0330b37354dae1c1071956813a) Importer(815301076,1909f56bfc062723c751e8b465ee728b)
Start importing Assets/2DGamekit/Art/Sprites/AnimatedSprites/Ellen/Animations/Jump/Anim_JUMP_11.png using Guid(7dcbef0330b37354dae1c1071956813a) Importer(815301076,1909f56bfc062723c751e8b465ee728b)  -> (artifact id: '0092b94846724126d9e3f70f3f5802aa') in 0.058893 seconds 
========================================================================
Received Import Request.
  Time since last request: 0.001120 seconds.
  path: Assets/2DGamekit/Art/Sprites/AnimatedSprites/Ellen/Animations/Jump/Anim_JUMP_09.png
  artifactKey: Guid(ae6184443cb4d0f439bab73e9e76df4a) Importer(815301076,1909f56bfc062723c751e8b465ee728b)
Start importing Assets/2DGamekit/Art/Sprites/AnimatedSprites/Ellen/Animations/Jump/Anim_JUMP_09.png using Guid(ae6184443cb4d0f439bab73e9e76df4a) Importer(815301076,1909f56bfc062723c751e8b465ee728b)  -> (artifact id: 'e54e0b6ed6d0a58b4de79d991d2a1c44') in 0.063906 seconds 
========================================================================
Received Import Request.
  Time since last request: 0.001178 seconds.
  path: Assets/2DGamekit/Art/Sprites/AnimatedSprites/Ellen/Animations/Jump/Anim_JUMP_08.png
  artifactKey: Guid(a9f05e230fdd41b4f99ac0e0b7c4fa2b) Importer(815301076,1909f56bfc062723c751e8b465ee728b)
Start importing Assets/2DGamekit/Art/Sprites/AnimatedSprites/Ellen/Animations/Jump/Anim_JUMP_08.png using Guid(a9f05e230fdd41b4f99ac0e0b7c4fa2b) Importer(815301076,1909f56bfc062723c751e8b465ee728b)  -> (artifact id: '21d43a63c7fdbd6ff9681f9ff62147f8') in 0.059634 seconds 
========================================================================
Received Import Request.
  Time since last request: 0.000922 seconds.
  path: Assets/2DGamekit/Art/Sprites/AnimatedSprites/Ellen/Animations/Jump/Anim_JUMP_07.png
  artifactKey: Guid(af68c0be2e67f3846bcdf33841f8312b) Importer(815301076,1909f56bfc062723c751e8b465ee728b)
Start importing Assets/2DGamekit/Art/Sprites/AnimatedSprites/Ellen/Animations/Jump/Anim_JUMP_07.png using Guid(af68c0be2e67f3846bcdf33841f8312b) Importer(815301076,1909f56bfc062723c751e8b465ee728b)  -> (artifact id: 'dc20359f051dee7491ba4317f4c36a55') in 0.063072 seconds 
========================================================================
Received Import Request.
  Time since last request: 0.000887 seconds.
  path: Assets/2DGamekit/Art/Sprites/AnimatedSprites/Ellen/Animations/Jump/Anim_JUMP_03.png
  artifactKey: Guid(6f8b0a53ff8c9e94f9d4af829e2ad6f3) Importer(815301076,1909f56bfc062723c751e8b465ee728b)
Start importing Assets/2DGamekit/Art/Sprites/AnimatedSprites/Ellen/Animations/Jump/Anim_JUMP_03.png using Guid(6f8b0a53ff8c9e94f9d4af829e2ad6f3) Importer(815301076,1909f56bfc062723c751e8b465ee728b)  -> (artifact id: 'f03cbbb12f19ebeabbd71eb81d7748bc') in 0.051386 seconds 
========================================================================
Received Import Request.
  Time since last request: 0.000610 seconds.
  path: Assets/2DGamekit/Art/Sprites/AnimatedSprites/Ellen/Animations/Jump/Anim_JUMP_04.png
  artifactKey: Guid(affa4f4470b317440b7cb5187df710ef) Importer(815301076,1909f56bfc062723c751e8b465ee728b)
Start importing Assets/2DGamekit/Art/Sprites/AnimatedSprites/Ellen/Animations/Jump/Anim_JUMP_04.png using Guid(affa4f4470b317440b7cb5187df710ef) Importer(815301076,1909f56bfc062723c751e8b465ee728b)  -> (artifact id: 'ef502bcbc75dc62527a784a2c2ac4af0') in 0.047246 seconds 
========================================================================
Received Import Request.
  Time since last request: 0.000675 seconds.
  path: Assets/2DGamekit/Art/Sprites/AnimatedSprites/Ellen/Animations/Jump/Anim_JUMP_06.png
  artifactKey: Guid(bb6a891737c56e6438e808fb4e716321) Importer(815301076,1909f56bfc062723c751e8b465ee728b)
Start importing Assets/2DGamekit/Art/Sprites/AnimatedSprites/Ellen/Animations/Jump/Anim_JUMP_06.png using Guid(bb6a891737c56e6438e808fb4e716321) Importer(815301076,1909f56bfc062723c751e8b465ee728b)  -> (artifact id: '3a98705c4d0d0bb21d6235d92c55dd7a') in 0.051327 seconds 
========================================================================
Received Import Request.
  Time since last request: 0.000860 seconds.
  path: Assets/2DGamekit/Art/Sprites/AnimatedSprites/Ellen/Animations/Jump/Anim_JUMP_10.png
  artifactKey: Guid(fcec6de5f73f3b74480aa66ffac97f43) Importer(815301076,1909f56bfc062723c751e8b465ee728b)
Start importing Assets/2DGamekit/Art/Sprites/AnimatedSprites/Ellen/Animations/Jump/Anim_JUMP_10.png using Guid(fcec6de5f73f3b74480aa66ffac97f43) Importer(815301076,1909f56bfc062723c751e8b465ee728b)  -> (artifact id: '2eedbe9bd61fba976db15f62bcd94061') in 0.049098 seconds 
========================================================================
Received Import Request.
  Time since last request: 0.000619 seconds.
  path: Assets/2DGamekit/Art/Sprites/AnimatedSprites/Ellen/Animations/Jump/Anim_JUMP_15.png
  artifactKey: Guid(13aa9a4a1bc68064c9e5e17a86df2666) Importer(815301076,1909f56bfc062723c751e8b465ee728b)
Start importing Assets/2DGamekit/Art/Sprites/AnimatedSprites/Ellen/Animations/Jump/Anim_JUMP_15.png using Guid(13aa9a4a1bc68064c9e5e17a86df2666) Importer(815301076,1909f56bfc062723c751e8b465ee728b)  -> (artifact id: '4abd234a08c6f034e3e9156bfd2665c8') in 0.053810 seconds 
========================================================================
Received Import Request.
  Time since last request: 0.000654 seconds.
  path: Assets/2DGamekit/Art/Sprites/AnimatedSprites/Ellen/Animations/Jump/Anim_JUMP_17.png
  artifactKey: Guid(31d88d4dbed3d9546898b42447a63e77) Importer(815301076,1909f56bfc062723c751e8b465ee728b)
Start importing Assets/2DGamekit/Art/Sprites/AnimatedSprites/Ellen/Animations/Jump/Anim_JUMP_17.png using Guid(31d88d4dbed3d9546898b42447a63e77) Importer(815301076,1909f56bfc062723c751e8b465ee728b)  -> (artifact id: '7a3900352a6d938df101a4c7a9b52b75') in 0.051686 seconds 
========================================================================
Received Import Request.
  Time since last request: 0.000561 seconds.
  path: Assets/2DGamekit/Art/Sprites/AnimatedSprites/Ellen/Animations/Jump/Anim_JUMP_13.png
  artifactKey: Guid(fffa3e12c34c2ee448d46f5c9db142e6) Importer(815301076,1909f56bfc062723c751e8b465ee728b)
Start importing Assets/2DGamekit/Art/Sprites/AnimatedSprites/Ellen/Animations/Jump/Anim_JUMP_13.png using Guid(fffa3e12c34c2ee448d46f5c9db142e6) Importer(815301076,1909f56bfc062723c751e8b465ee728b)  -> (artifact id: '62567d349c78747099ba7bce6d63f6f4') in 0.049012 seconds 
========================================================================
Received Import Request.
  Time since last request: 0.000607 seconds.
  path: Assets/2DGamekit/Art/Sprites/AnimatedSprites/Ellen/Animations/Jump/Anim_JUMP_12.png
  artifactKey: Guid(ca897d165bbb9094584da008d90d3df5) Importer(815301076,1909f56bfc062723c751e8b465ee728b)
Start importing Assets/2DGamekit/Art/Sprites/AnimatedSprites/Ellen/Animations/Jump/Anim_JUMP_12.png using Guid(ca897d165bbb9094584da008d90d3df5) Importer(815301076,1909f56bfc062723c751e8b465ee728b)  -> (artifact id: '143411329b7d38a9d84d5a03755683d8') in 0.056750 seconds 
========================================================================
Received Import Request.
  Time since last request: 0.000684 seconds.
  path: Assets/2DGamekit/Art/Sprites/AnimatedSprites/Ellen/Animations/Jump/Anim_JUMP_02.png
  artifactKey: Guid(e4381a10685b28d4f906cc686ecbc2c7) Importer(815301076,1909f56bfc062723c751e8b465ee728b)
Start importing Assets/2DGamekit/Art/Sprites/AnimatedSprites/Ellen/Animations/Jump/Anim_JUMP_02.png using Guid(e4381a10685b28d4f906cc686ecbc2c7) Importer(815301076,1909f56bfc062723c751e8b465ee728b)  -> (artifact id: 'f4f2759ace26b21da956117fe1eabf3f') in 0.058110 seconds 
========================================================================
Received Import Request.
  Time since last request: 0.001091 seconds.
  path: Assets/2DGamekit/Art/Sprites/AnimatedSprites/Ellen/Animations/Jump/Anim_JUMP_14.png
  artifactKey: Guid(5b31577ecf5954448b0d92a2c8a0501b) Importer(815301076,1909f56bfc062723c751e8b465ee728b)
Start importing Assets/2DGamekit/Art/Sprites/AnimatedSprites/Ellen/Animations/Jump/Anim_JUMP_14.png using Guid(5b31577ecf5954448b0d92a2c8a0501b) Importer(815301076,1909f56bfc062723c751e8b465ee728b)  -> (artifact id: 'fcddc9baae31b8c1ca6264add3ab18cc') in 0.052695 seconds 
========================================================================
Received Import Request.
  Time since last request: 0.000654 seconds.
  path: Assets/2DGamekit/Art/Sprites/AnimatedSprites/Ellen/Animations/Jump/Anim_JUMP_16.png
  artifactKey: Guid(1eb8ffe712da55942b19d29be7a6e5da) Importer(815301076,1909f56bfc062723c751e8b465ee728b)
Start importing Assets/2DGamekit/Art/Sprites/AnimatedSprites/Ellen/Animations/Jump/Anim_JUMP_16.png using Guid(1eb8ffe712da55942b19d29be7a6e5da) Importer(815301076,1909f56bfc062723c751e8b465ee728b)  -> (artifact id: '00fd6a37814e454282d6ad73dd3d662c') in 0.055175 seconds 
========================================================================
Received Import Request.
  Time since last request: 8.253389 seconds.
  path: Assets/2DGamekit/Art/Sprites/AnimatedSprites/Ellen/Animations/JumpWithGun/Anim_JUMPwithGUN_01.png
  artifactKey: Guid(634ae46b18d6e8e42a8359e8219fa81c) Importer(815301076,1909f56bfc062723c751e8b465ee728b)
Start importing Assets/2DGamekit/Art/Sprites/AnimatedSprites/Ellen/Animations/JumpWithGun/Anim_JUMPwithGUN_01.png using Guid(634ae46b18d6e8e42a8359e8219fa81c) Importer(815301076,1909f56bfc062723c751e8b465ee728b)  -> (artifact id: '46c63bab4f0a433712a6e9dbf15c2dfb') in 0.041583 seconds 
========================================================================
Received Import Request.
  Time since last request: 0.000436 seconds.
  path: Assets/2DGamekit/Art/Sprites/AnimatedSprites/Ellen/Animations/JumpWithGun/Anim_JUMPwithGUN_04.png
  artifactKey: Guid(2350b442f31bb1741b68a6b77d09d40b) Importer(815301076,1909f56bfc062723c751e8b465ee728b)
Start importing Assets/2DGamekit/Art/Sprites/AnimatedSprites/Ellen/Animations/JumpWithGun/Anim_JUMPwithGUN_04.png using Guid(2350b442f31bb1741b68a6b77d09d40b) Importer(815301076,1909f56bfc062723c751e8b465ee728b)  -> (artifact id: '601cde060ced7e27eabec75921814aec') in 0.041259 seconds 
========================================================================
Received Import Request.
  Time since last request: 0.000503 seconds.
  path: Assets/2DGamekit/Art/Sprites/AnimatedSprites/Ellen/Animations/JumpWithGun/Anim_JUMPwithGUN_08.png
  artifactKey: Guid(5f800286e4f0550478208c51d0a48d0f) Importer(815301076,1909f56bfc062723c751e8b465ee728b)
Start importing Assets/2DGamekit/Art/Sprites/AnimatedSprites/Ellen/Animations/JumpWithGun/Anim_JUMPwithGUN_08.png using Guid(5f800286e4f0550478208c51d0a48d0f) Importer(815301076,1909f56bfc062723c751e8b465ee728b)  -> (artifact id: '9790eee8d096a33def159bdbfe833af8') in 0.035822 seconds 
========================================================================
Received Import Request.
  Time since last request: 0.000551 seconds.
  path: Assets/2DGamekit/Art/Sprites/AnimatedSprites/Ellen/Animations/JumpWithGun/Anim_JUMPwithGUN_16.png
  artifactKey: Guid(aacc218bfa62aef41920035f78af31e8) Importer(815301076,1909f56bfc062723c751e8b465ee728b)
Start importing Assets/2DGamekit/Art/Sprites/AnimatedSprites/Ellen/Animations/JumpWithGun/Anim_JUMPwithGUN_16.png using Guid(aacc218bfa62aef41920035f78af31e8) Importer(815301076,1909f56bfc062723c751e8b465ee728b)  -> (artifact id: '78109bcf70d222f44a62e233a811eb6a') in 0.040886 seconds 
========================================================================
Received Import Request.
  Time since last request: 0.000541 seconds.
  path: Assets/2DGamekit/Art/Sprites/AnimatedSprites/Ellen/Animations/JumpWithGun/Anim_JUMPwithGUN_06.png
  artifactKey: Guid(c93003632dfb3f346ae28336c8748cc1) Importer(815301076,1909f56bfc062723c751e8b465ee728b)
Start importing Assets/2DGamekit/Art/Sprites/AnimatedSprites/Ellen/Animations/JumpWithGun/Anim_JUMPwithGUN_06.png using Guid(c93003632dfb3f346ae28336c8748cc1) Importer(815301076,1909f56bfc062723c751e8b465ee728b)  -> (artifact id: '137707413a358a2c475a6ff2517d92ba') in 0.042698 seconds 
========================================================================
Received Import Request.
  Time since last request: 0.000517 seconds.
  path: Assets/2DGamekit/Art/Sprites/AnimatedSprites/Ellen/Animations/JumpWithGun/Anim_JUMPwithGUN_14.png
  artifactKey: Guid(32713ff48a4e8dc42a32b9d4d19ea5fe) Importer(815301076,1909f56bfc062723c751e8b465ee728b)
Start importing Assets/2DGamekit/Art/Sprites/AnimatedSprites/Ellen/Animations/JumpWithGun/Anim_JUMPwithGUN_14.png using Guid(32713ff48a4e8dc42a32b9d4d19ea5fe) Importer(815301076,1909f56bfc062723c751e8b465ee728b)  -> (artifact id: '114bee6be99fd857ed881e4184161916') in 0.039681 seconds 
========================================================================
Received Import Request.
  Time since last request: 0.000500 seconds.
  path: Assets/2DGamekit/Art/Sprites/AnimatedSprites/Ellen/Animations/JumpWithGun/Anim_JUMPwithGUN_05.png
  artifactKey: Guid(967004704d0400c45945b1dc74fc5eb6) Importer(815301076,1909f56bfc062723c751e8b465ee728b)
Start importing Assets/2DGamekit/Art/Sprites/AnimatedSprites/Ellen/Animations/JumpWithGun/Anim_JUMPwithGUN_05.png using Guid(967004704d0400c45945b1dc74fc5eb6) Importer(815301076,1909f56bfc062723c751e8b465ee728b)  -> (artifact id: 'eaf65e84c5a8753300fa2719ac04f6a4') in 0.044409 seconds 
========================================================================
Received Import Request.
  Time since last request: 0.000556 seconds.
  path: Assets/2DGamekit/Art/Sprites/AnimatedSprites/Ellen/Animations/JumpWithGun/Anim_JUMPwithGUN_10.png
  artifactKey: Guid(5f51f8f690669d84cacaeab399fce579) Importer(815301076,1909f56bfc062723c751e8b465ee728b)
Start importing Assets/2DGamekit/Art/Sprites/AnimatedSprites/Ellen/Animations/JumpWithGun/Anim_JUMPwithGUN_10.png using Guid(5f51f8f690669d84cacaeab399fce579) Importer(815301076,1909f56bfc062723c751e8b465ee728b)  -> (artifact id: 'deaffaf0aed22a0ecd7c9adf5df44bce') in 0.042045 seconds 
========================================================================
Received Import Request.
  Time since last request: 0.000624 seconds.
  path: Assets/2DGamekit/Art/Sprites/AnimatedSprites/Ellen/Animations/JumpWithGun/Anim_JUMPwithGUN_09.png
  artifactKey: Guid(fe5165f702e35144684bf593203a031c) Importer(815301076,1909f56bfc062723c751e8b465ee728b)
Start importing Assets/2DGamekit/Art/Sprites/AnimatedSprites/Ellen/Animations/JumpWithGun/Anim_JUMPwithGUN_09.png using Guid(fe5165f702e35144684bf593203a031c) Importer(815301076,1909f56bfc062723c751e8b465ee728b)  -> (artifact id: '380f1bc62848c782e7caf469d0fa36eb') in 0.045588 seconds 
========================================================================
Received Import Request.
  Time since last request: 0.002064 seconds.
  path: Assets/2DGamekit/Art/Sprites/AnimatedSprites/Ellen/Animations/JumpWithGun/Anim_JUMPwithGUN_12.png
  artifactKey: Guid(49594577334bdee479b8dd58aedf1d60) Importer(815301076,1909f56bfc062723c751e8b465ee728b)
Start importing Assets/2DGamekit/Art/Sprites/AnimatedSprites/Ellen/Animations/JumpWithGun/Anim_JUMPwithGUN_12.png using Guid(49594577334bdee479b8dd58aedf1d60) Importer(815301076,1909f56bfc062723c751e8b465ee728b)  -> (artifact id: '6956cc54f051091e0dcb2e0c953100c9') in 0.049745 seconds 
========================================================================
Received Import Request.
  Time since last request: 0.000684 seconds.
  path: Assets/2DGamekit/Art/Sprites/AnimatedSprites/Ellen/Animations/JumpWithGun/Anim_JUMPwithGUN_11.png
  artifactKey: Guid(5b13d17b360e2a64cbc7b4a2ac4cd375) Importer(815301076,1909f56bfc062723c751e8b465ee728b)
Start importing Assets/2DGamekit/Art/Sprites/AnimatedSprites/Ellen/Animations/JumpWithGun/Anim_JUMPwithGUN_11.png using Guid(5b13d17b360e2a64cbc7b4a2ac4cd375) Importer(815301076,1909f56bfc062723c751e8b465ee728b)  -> (artifact id: 'ba3eb731feef74589a5383af1fd19f36') in 0.047992 seconds 
========================================================================
Received Import Request.
  Time since last request: 0.000607 seconds.
  path: Assets/2DGamekit/Art/Sprites/AnimatedSprites/Ellen/Animations/JumpWithGun/Anim_JUMPwithGUN_13.png
  artifactKey: Guid(86106dab9033ac7448f28ca19c407c2a) Importer(815301076,1909f56bfc062723c751e8b465ee728b)
Start importing Assets/2DGamekit/Art/Sprites/AnimatedSprites/Ellen/Animations/JumpWithGun/Anim_JUMPwithGUN_13.png using Guid(86106dab9033ac7448f28ca19c407c2a) Importer(815301076,1909f56bfc062723c751e8b465ee728b)  -> (artifact id: '779af8dba123149bd4b5e9906521a2da') in 0.063343 seconds 
========================================================================
Received Import Request.
  Time since last request: 0.000643 seconds.
  path: Assets/2DGamekit/Art/Sprites/AnimatedSprites/Ellen/Animations/JumpWithGun/Anim_JUMPwithGUN_03.png
  artifactKey: Guid(614b90dda34ee634893a6168082923be) Importer(815301076,1909f56bfc062723c751e8b465ee728b)
Start importing Assets/2DGamekit/Art/Sprites/AnimatedSprites/Ellen/Animations/JumpWithGun/Anim_JUMPwithGUN_03.png using Guid(614b90dda34ee634893a6168082923be) Importer(815301076,1909f56bfc062723c751e8b465ee728b)  -> (artifact id: '567be25755eb550ec5a510180a548db2') in 0.057788 seconds 
========================================================================
Received Import Request.
  Time since last request: 0.000530 seconds.
  path: Assets/2DGamekit/Art/Sprites/AnimatedSprites/Ellen/Animations/JumpWithGun/Anim_JUMPwithGUN_15.png
  artifactKey: Guid(28e829622ce5c974bbf154a278a2be22) Importer(815301076,1909f56bfc062723c751e8b465ee728b)
Start importing Assets/2DGamekit/Art/Sprites/AnimatedSprites/Ellen/Animations/JumpWithGun/Anim_JUMPwithGUN_15.png using Guid(28e829622ce5c974bbf154a278a2be22) Importer(815301076,1909f56bfc062723c751e8b465ee728b)  -> (artifact id: 'c5999e1736c15e909498413c5f59a641') in 0.039188 seconds 
========================================================================
Received Import Request.
  Time since last request: 0.000614 seconds.
  path: Assets/2DGamekit/Art/Sprites/AnimatedSprites/Ellen/Animations/JumpWithGun/Anim_JUMPwithGUN_17.png
  artifactKey: Guid(049cab3d3a32a3a45856ca44f223ced1) Importer(815301076,1909f56bfc062723c751e8b465ee728b)
Start importing Assets/2DGamekit/Art/Sprites/AnimatedSprites/Ellen/Animations/JumpWithGun/Anim_JUMPwithGUN_17.png using Guid(049cab3d3a32a3a45856ca44f223ced1) Importer(815301076,1909f56bfc062723c751e8b465ee728b)  -> (artifact id: '78f9c420740536e25a9e5af012a1e316') in 0.047210 seconds 
========================================================================
Received Import Request.
  Time since last request: 0.000436 seconds.
  path: Assets/2DGamekit/Art/Sprites/AnimatedSprites/Ellen/Animations/JumpWithGun/Anim_JUMPwithGUN_07.png
  artifactKey: Guid(b53b9dcb8117dfe4ab1c5a250703548c) Importer(815301076,1909f56bfc062723c751e8b465ee728b)
Start importing Assets/2DGamekit/Art/Sprites/AnimatedSprites/Ellen/Animations/JumpWithGun/Anim_JUMPwithGUN_07.png using Guid(b53b9dcb8117dfe4ab1c5a250703548c) Importer(815301076,1909f56bfc062723c751e8b465ee728b)  -> (artifact id: 'f9bdbe34c81b30d74959c3bc4682570c') in 0.041398 seconds 
========================================================================
Received Import Request.
  Time since last request: 0.000533 seconds.
  path: Assets/2DGamekit/Art/Sprites/AnimatedSprites/Ellen/Animations/JumpWithGun/Anim_JUMPwithGUN_02.png
  artifactKey: Guid(221d99e63cd1a414bad8cd6c93cb95c2) Importer(815301076,1909f56bfc062723c751e8b465ee728b)
Start importing Assets/2DGamekit/Art/Sprites/AnimatedSprites/Ellen/Animations/JumpWithGun/Anim_JUMPwithGUN_02.png using Guid(221d99e63cd1a414bad8cd6c93cb95c2) Importer(815301076,1909f56bfc062723c751e8b465ee728b)  -> (artifact id: 'dc20682238c4983494343a51c52ddcec') in 0.059188 seconds 
========================================================================
Received Import Request.
  Time since last request: 7.056910 seconds.
  path: Assets/2DGamekit/Art/Sprites/AnimatedSprites/Ellen/Animations/Jump/Anim_JUMP_18.png
  artifactKey: Guid(686160c7c3cfd5040a8ea08b867ff56c) Importer(815301076,1909f56bfc062723c751e8b465ee728b)
Start importing Assets/2DGamekit/Art/Sprites/AnimatedSprites/Ellen/Animations/Jump/Anim_JUMP_18.png using Guid(686160c7c3cfd5040a8ea08b867ff56c) Importer(815301076,1909f56bfc062723c751e8b465ee728b)  -> (artifact id: '40bb039ed05b21a4d2049279d169177e') in 0.060760 seconds 
========================================================================
Received Import Request.
  Time since last request: 0.000521 seconds.
  path: Assets/2DGamekit/Art/Sprites/AnimatedSprites/Ellen/Animations/Jump/Anim_JUMP_19.png
  artifactKey: Guid(cb0f74b7e0e21ee47b09fdb24a83094f) Importer(815301076,1909f56bfc062723c751e8b465ee728b)
Start importing Assets/2DGamekit/Art/Sprites/AnimatedSprites/Ellen/Animations/Jump/Anim_JUMP_19.png using Guid(cb0f74b7e0e21ee47b09fdb24a83094f) Importer(815301076,1909f56bfc062723c751e8b465ee728b)  -> (artifact id: 'af77d2d46313090bd77a187b03c9babc') in 0.047478 seconds 
========================================================================
Received Prepare
Registering precompiled user dll's ...
Registered in 0.019475 seconds.
Begin MonoManager ReloadAssembly
Native extension for WindowsStandalone target not found
Native extension for WebGL target not found
Refreshing native plugins compatible for Editor in 1.49 ms, found 3 plugins.
Preloading 0 native plugins for Editor in 0.00 ms.
Mono: successfully reloaded assembly
- Completed reload, in  3.003 seconds
Domain Reload Profiling:
	ReloadAssembly (3009ms)
		BeginReloadAssembly (1079ms)
			ExecutionOrderSort (0ms)
			DisableScriptedObjects (99ms)
			BackupInstance (0ms)
			ReleaseScriptingObjects (0ms)
			CreateAndSetChildDomain (572ms)
		EndReloadAssembly (1775ms)
			LoadAssemblies (509ms)
			RebuildTransferFunctionScriptingTraits (2ms)
			SetupTypeCache (577ms)
			ReleaseScriptCaches (4ms)
			RebuildScriptCaches (82ms)
			SetupLoadedEditorAssemblies (582ms)
				LogAssemblyErrors (0ms)
				InitializePlatformSupportModulesInManaged (11ms)
				SetLoadedEditorAssemblies (3ms)
				RefreshPlugins (2ms)
				BeforeProcessingInitializeOnLoad (211ms)
				ProcessInitializeOnLoadAttributes (318ms)
				ProcessInitializeOnLoadMethodAttributes (20ms)
				AfterProcessingInitializeOnLoad (16ms)
				EditorAssembliesLoaded (1ms)
			ExecutionOrderSort2 (0ms)
			AwakeInstancesAfterBackupRestoration (17ms)
Platform modules already initialized, skipping
Refreshing native plugins compatible for Editor in 1.20 ms, found 3 plugins.
Preloading 0 native plugins for Editor in 0.00 ms.
Unloading 2618 Unused Serialized files (Serialized files now loaded: 0)
System memory in use before: 121.2 MB.
System memory in use after: 121.2 MB.

Unloading 21 unused Assets to reduce memory usage. Loaded Objects now: 3115.
Total: 6.291200 ms (FindLiveObjects: 0.325500 ms CreateObjectMapping: 0.134700 ms MarkObjects: 5.257100 ms  DeleteObjects: 0.572100 ms)

AssetImportParameters requested are different than current active one (requested -> active):
  custom:framework-win-MediaFoundation: 216162199b28c13a410421893ffa2e32 -> 
  custom:video-decoder-ogg-theora: a1e56fd34408186e4bbccfd4996cb3dc -> 
  custom:container-muxer-webm: aa71ff27fc2769a1b78a27578f13a17b -> 
  custom:container-demuxer-webm: 4f35f7cbe854078d1ac9338744f61a02 -> 
  custom:container-demuxer-ogg: 62fdf1f143b41e24485cea50d1cbac27 -> 
  custom:video-encoder-webm-vp8: eb34c28f22e8b96e1ab97ce403110664 -> 
  custom:video-codec-MediaFoundation-h265: 746d11721c4dcdbdad8f713fa42b33f4 -> 
  custom:video-decoder-webm-vp8: 9c59270c3fd7afecdb556c50c9e8de78 -> 
  custom:audio-decoder-ogg-vorbis: bf7c407c2cedff20999df2af8eb42d56 -> 
  custom:audio-encoder-webm-vorbis: bf7c407c2cedff20999df2af8eb42d56 -> 
========================================================================
Received Prepare
Registering precompiled user dll's ...
Registered in 0.024994 seconds.
Begin MonoManager ReloadAssembly
Native extension for WindowsStandalone target not found
Native extension for WebGL target not found
Refreshing native plugins compatible for Editor in 2.19 ms, found 3 plugins.
Preloading 0 native plugins for Editor in 0.00 ms.
Mono: successfully reloaded assembly
- Completed reload, in  3.041 seconds
Domain Reload Profiling:
	ReloadAssembly (3045ms)
		BeginReloadAssembly (522ms)
			ExecutionOrderSort (0ms)
			DisableScriptedObjects (31ms)
			BackupInstance (0ms)
			ReleaseScriptingObjects (1ms)
			CreateAndSetChildDomain (148ms)
		EndReloadAssembly (2328ms)
			LoadAssemblies (502ms)
			RebuildTransferFunctionScriptingTraits (0ms)
			SetupTypeCache (848ms)
			ReleaseScriptCaches (3ms)
			RebuildScriptCaches (143ms)
			SetupLoadedEditorAssemblies (726ms)
				LogAssemblyErrors (0ms)
				InitializePlatformSupportModulesInManaged (17ms)
				SetLoadedEditorAssemblies (2ms)
				RefreshPlugins (2ms)
				BeforeProcessingInitializeOnLoad (273ms)
				ProcessInitializeOnLoadAttributes (374ms)
				ProcessInitializeOnLoadMethodAttributes (31ms)
				AfterProcessingInitializeOnLoad (26ms)
				EditorAssembliesLoaded (0ms)
			ExecutionOrderSort2 (0ms)
			AwakeInstancesAfterBackupRestoration (16ms)
Platform modules already initialized, skipping
Refreshing native plugins compatible for Editor in 1.67 ms, found 3 plugins.
Preloading 0 native plugins for Editor in 0.00 ms.
Unloading 2618 Unused Serialized files (Serialized files now loaded: 0)
System memory in use before: 121.2 MB.
System memory in use after: 121.3 MB.

Unloading 21 unused Assets to reduce memory usage. Loaded Objects now: 3118.
Total: 7.807600 ms (FindLiveObjects: 0.365200 ms CreateObjectMapping: 0.187100 ms MarkObjects: 6.976100 ms  DeleteObjects: 0.277000 ms)

AssetImportParameters requested are different than current active one (requested -> active):
  custom:framework-win-MediaFoundation: 216162199b28c13a410421893ffa2e32 -> 
  custom:video-decoder-ogg-theora: a1e56fd34408186e4bbccfd4996cb3dc -> 
  custom:container-muxer-webm: aa71ff27fc2769a1b78a27578f13a17b -> 
  custom:container-demuxer-webm: 4f35f7cbe854078d1ac9338744f61a02 -> 
  custom:container-demuxer-ogg: 62fdf1f143b41e24485cea50d1cbac27 -> 
  custom:video-encoder-webm-vp8: eb34c28f22e8b96e1ab97ce403110664 -> 
  custom:video-codec-MediaFoundation-h265: 746d11721c4dcdbdad8f713fa42b33f4 -> 
  custom:video-decoder-webm-vp8: 9c59270c3fd7afecdb556c50c9e8de78 -> 
  custom:audio-decoder-ogg-vorbis: bf7c407c2cedff20999df2af8eb42d56 -> 
  custom:audio-encoder-webm-vorbis: bf7c407c2cedff20999df2af8eb42d56 -> 
========================================================================
Received Prepare
Registering precompiled user dll's ...
Registered in 0.018158 seconds.
Begin MonoManager ReloadAssembly
Native extension for WindowsStandalone target not found
Native extension for WebGL target not found
Refreshing native plugins compatible for Editor in 2.36 ms, found 3 plugins.
Preloading 0 native plugins for Editor in 0.00 ms.
Mono: successfully reloaded assembly
- Completed reload, in  3.251 seconds
Domain Reload Profiling:
	ReloadAssembly (3276ms)
		BeginReloadAssembly (849ms)
			ExecutionOrderSort (0ms)
			DisableScriptedObjects (86ms)
			BackupInstance (0ms)
			ReleaseScriptingObjects (2ms)
			CreateAndSetChildDomain (271ms)
		EndReloadAssembly (2187ms)
			LoadAssemblies (589ms)
			RebuildTransferFunctionScriptingTraits (2ms)
			SetupTypeCache (611ms)
			ReleaseScriptCaches (5ms)
			RebuildScriptCaches (87ms)
			SetupLoadedEditorAssemblies (865ms)
				LogAssemblyErrors (0ms)
				InitializePlatformSupportModulesInManaged (14ms)
				SetLoadedEditorAssemblies (1ms)
				RefreshPlugins (3ms)
				BeforeProcessingInitializeOnLoad (252ms)
				ProcessInitializeOnLoadAttributes (527ms)
				ProcessInitializeOnLoadMethodAttributes (43ms)
				AfterProcessingInitializeOnLoad (25ms)
				EditorAssembliesLoaded (1ms)
			ExecutionOrderSort2 (0ms)
			AwakeInstancesAfterBackupRestoration (29ms)
Platform modules already initialized, skipping
Refreshing native plugins compatible for Editor in 1.15 ms, found 3 plugins.
Preloading 0 native plugins for Editor in 0.00 ms.
Unloading 2618 Unused Serialized files (Serialized files now loaded: 0)
System memory in use before: 121.2 MB.
System memory in use after: 121.3 MB.

Unloading 21 unused Assets to reduce memory usage. Loaded Objects now: 3121.
Total: 12.813000 ms (FindLiveObjects: 1.125200 ms CreateObjectMapping: 0.328900 ms MarkObjects: 10.826500 ms  DeleteObjects: 0.529600 ms)

AssetImportParameters requested are different than current active one (requested -> active):
  custom:framework-win-MediaFoundation: 216162199b28c13a410421893ffa2e32 -> 
  custom:video-decoder-ogg-theora: a1e56fd34408186e4bbccfd4996cb3dc -> 
  custom:container-muxer-webm: aa71ff27fc2769a1b78a27578f13a17b -> 
  custom:container-demuxer-webm: 4f35f7cbe854078d1ac9338744f61a02 -> 
  custom:container-demuxer-ogg: 62fdf1f143b41e24485cea50d1cbac27 -> 
  custom:video-encoder-webm-vp8: eb34c28f22e8b96e1ab97ce403110664 -> 
  custom:video-codec-MediaFoundation-h265: 746d11721c4dcdbdad8f713fa42b33f4 -> 
  custom:video-decoder-webm-vp8: 9c59270c3fd7afecdb556c50c9e8de78 -> 
  custom:audio-decoder-ogg-vorbis: bf7c407c2cedff20999df2af8eb42d56 -> 
  custom:audio-encoder-webm-vorbis: bf7c407c2cedff20999df2af8eb42d56 -> 
========================================================================
Received Import Request.
  Time since last request: 872.964021 seconds.
  path: Assets/Prefab/PlayerAnimation/Player.controller
  artifactKey: Guid(2eccff3d4632eb0448fb8c7458292dc7) Importer(815301076,1909f56bfc062723c751e8b465ee728b)
Start importing Assets/Prefab/PlayerAnimation/Player.controller using Guid(2eccff3d4632eb0448fb8c7458292dc7) Importer(815301076,1909f56bfc062723c751e8b465ee728b)  -> (artifact id: '1077f8998dedc1cf473dcecf470bce63') in 0.200782 seconds 
========================================================================
Received Prepare
Registering precompiled user dll's ...
Registered in 0.011863 seconds.
Begin MonoManager ReloadAssembly
Native extension for WindowsStandalone target not found
Native extension for WebGL target not found
Refreshing native plugins compatible for Editor in 1.06 ms, found 3 plugins.
Preloading 0 native plugins for Editor in 0.00 ms.
Mono: successfully reloaded assembly
- Completed reload, in  2.300 seconds
Domain Reload Profiling:
	ReloadAssembly (2305ms)
		BeginReloadAssembly (444ms)
			ExecutionOrderSort (0ms)
			DisableScriptedObjects (23ms)
			BackupInstance (0ms)
			ReleaseScriptingObjects (1ms)
			CreateAndSetChildDomain (139ms)
		EndReloadAssembly (1702ms)
			LoadAssemblies (327ms)
			RebuildTransferFunctionScriptingTraits (0ms)
			SetupTypeCache (626ms)
			ReleaseScriptCaches (2ms)
			RebuildScriptCaches (93ms)
			SetupLoadedEditorAssemblies (583ms)
				LogAssemblyErrors (0ms)
				InitializePlatformSupportModulesInManaged (10ms)
				SetLoadedEditorAssemblies (1ms)
				RefreshPlugins (1ms)
				BeforeProcessingInitializeOnLoad (196ms)
				ProcessInitializeOnLoadAttributes (345ms)
				ProcessInitializeOnLoadMethodAttributes (17ms)
				AfterProcessingInitializeOnLoad (13ms)
				EditorAssembliesLoaded (0ms)
			ExecutionOrderSort2 (0ms)
			AwakeInstancesAfterBackupRestoration (15ms)
Platform modules already initialized, skipping
Refreshing native plugins compatible for Editor in 1.47 ms, found 3 plugins.
Preloading 0 native plugins for Editor in 0.00 ms.
Unloading 2618 Unused Serialized files (Serialized files now loaded: 0)
System memory in use before: 121.2 MB.
System memory in use after: 121.3 MB.

Unloading 21 unused Assets to reduce memory usage. Loaded Objects now: 3124.
Total: 9.125300 ms (FindLiveObjects: 0.389100 ms CreateObjectMapping: 0.188300 ms MarkObjects: 8.249600 ms  DeleteObjects: 0.296100 ms)

AssetImportParameters requested are different than current active one (requested -> active):
  custom:framework-win-MediaFoundation: 216162199b28c13a410421893ffa2e32 -> 
  custom:video-decoder-ogg-theora: a1e56fd34408186e4bbccfd4996cb3dc -> 
  custom:container-muxer-webm: aa71ff27fc2769a1b78a27578f13a17b -> 
  custom:container-demuxer-webm: 4f35f7cbe854078d1ac9338744f61a02 -> 
  custom:container-demuxer-ogg: 62fdf1f143b41e24485cea50d1cbac27 -> 
  custom:video-encoder-webm-vp8: eb34c28f22e8b96e1ab97ce403110664 -> 
  custom:video-codec-MediaFoundation-h265: 746d11721c4dcdbdad8f713fa42b33f4 -> 
  custom:video-decoder-webm-vp8: 9c59270c3fd7afecdb556c50c9e8de78 -> 
  custom:audio-decoder-ogg-vorbis: bf7c407c2cedff20999df2af8eb42d56 -> 
  custom:audio-encoder-webm-vorbis: bf7c407c2cedff20999df2af8eb42d56 -> 
========================================================================
Received Prepare
Registering precompiled user dll's ...
Registered in 0.027116 seconds.
Begin MonoManager ReloadAssembly
Native extension for WindowsStandalone target not found
Native extension for WebGL target not found
Refreshing native plugins compatible for Editor in 3.07 ms, found 3 plugins.
Preloading 0 native plugins for Editor in 0.00 ms.
Mono: successfully reloaded assembly
- Completed reload, in  2.592 seconds
Domain Reload Profiling:
	ReloadAssembly (2611ms)
		BeginReloadAssembly (844ms)
			ExecutionOrderSort (0ms)
			DisableScriptedObjects (91ms)
			BackupInstance (0ms)
			ReleaseScriptingObjects (1ms)
			CreateAndSetChildDomain (334ms)
		EndReloadAssembly (1643ms)
			LoadAssemblies (523ms)
			RebuildTransferFunctionScriptingTraits (0ms)
			SetupTypeCache (510ms)
			ReleaseScriptCaches (3ms)
			RebuildScriptCaches (75ms)
			SetupLoadedEditorAssemblies (571ms)
				LogAssemblyErrors (0ms)
				InitializePlatformSupportModulesInManaged (8ms)
				SetLoadedEditorAssemblies (5ms)
				RefreshPlugins (3ms)
				BeforeProcessingInitializeOnLoad (190ms)
				ProcessInitializeOnLoadAttributes (319ms)
				ProcessInitializeOnLoadMethodAttributes (15ms)
				AfterProcessingInitializeOnLoad (28ms)
				EditorAssembliesLoaded (1ms)
			ExecutionOrderSort2 (0ms)
			AwakeInstancesAfterBackupRestoration (17ms)
Platform modules already initialized, skipping
Refreshing native plugins compatible for Editor in 1.11 ms, found 3 plugins.
Preloading 0 native plugins for Editor in 0.00 ms.
Unloading 2618 Unused Serialized files (Serialized files now loaded: 0)
System memory in use before: 121.2 MB.
System memory in use after: 121.3 MB.

Unloading 21 unused Assets to reduce memory usage. Loaded Objects now: 3127.
Total: 16.575000 ms (FindLiveObjects: 1.217400 ms CreateObjectMapping: 0.623700 ms MarkObjects: 12.753500 ms  DeleteObjects: 1.975700 ms)

AssetImportParameters requested are different than current active one (requested -> active):
  custom:framework-win-MediaFoundation: 216162199b28c13a410421893ffa2e32 -> 
  custom:video-decoder-ogg-theora: a1e56fd34408186e4bbccfd4996cb3dc -> 
  custom:container-muxer-webm: aa71ff27fc2769a1b78a27578f13a17b -> 
  custom:container-demuxer-webm: 4f35f7cbe854078d1ac9338744f61a02 -> 
  custom:container-demuxer-ogg: 62fdf1f143b41e24485cea50d1cbac27 -> 
  custom:video-encoder-webm-vp8: eb34c28f22e8b96e1ab97ce403110664 -> 
  custom:video-codec-MediaFoundation-h265: 746d11721c4dcdbdad8f713fa42b33f4 -> 
  custom:video-decoder-webm-vp8: 9c59270c3fd7afecdb556c50c9e8de78 -> 
  custom:audio-decoder-ogg-vorbis: bf7c407c2cedff20999df2af8eb42d56 -> 
  custom:audio-encoder-webm-vorbis: bf7c407c2cedff20999df2af8eb42d56 -> 
========================================================================
Received Prepare
Registering precompiled user dll's ...
Registered in 0.025518 seconds.
Begin MonoManager ReloadAssembly
Native extension for WindowsStandalone target not found
Native extension for WebGL target not found
Refreshing native plugins compatible for Editor in 2.35 ms, found 3 plugins.
Preloading 0 native plugins for Editor in 0.00 ms.
Mono: successfully reloaded assembly
- Completed reload, in  1.755 seconds
Domain Reload Profiling:
	ReloadAssembly (1756ms)
		BeginReloadAssembly (389ms)
			ExecutionOrderSort (0ms)
			DisableScriptedObjects (22ms)
			BackupInstance (0ms)
			ReleaseScriptingObjects (1ms)
			CreateAndSetChildDomain (99ms)
		EndReloadAssembly (1242ms)
			LoadAssemblies (383ms)
			RebuildTransferFunctionScriptingTraits (0ms)
			SetupTypeCache (422ms)
			ReleaseScriptCaches (2ms)
			RebuildScriptCaches (54ms)
			SetupLoadedEditorAssemblies (400ms)
				LogAssemblyErrors (0ms)
				InitializePlatformSupportModulesInManaged (15ms)
				SetLoadedEditorAssemblies (1ms)
				RefreshPlugins (3ms)
				BeforeProcessingInitializeOnLoad (136ms)
				ProcessInitializeOnLoadAttributes (220ms)
				ProcessInitializeOnLoadMethodAttributes (15ms)
				AfterProcessingInitializeOnLoad (10ms)
				EditorAssembliesLoaded (0ms)
			ExecutionOrderSort2 (0ms)
			AwakeInstancesAfterBackupRestoration (16ms)
Platform modules already initialized, skipping
Refreshing native plugins compatible for Editor in 5.27 ms, found 3 plugins.
Preloading 0 native plugins for Editor in 0.00 ms.
Unloading 2618 Unused Serialized files (Serialized files now loaded: 0)
System memory in use before: 121.3 MB.
System memory in use after: 121.3 MB.

Unloading 21 unused Assets to reduce memory usage. Loaded Objects now: 3130.
Total: 4.509100 ms (FindLiveObjects: 0.309100 ms CreateObjectMapping: 0.077100 ms MarkObjects: 3.521000 ms  DeleteObjects: 0.600100 ms)

AssetImportParameters requested are different than current active one (requested -> active):
  custom:framework-win-MediaFoundation: 216162199b28c13a410421893ffa2e32 -> 
  custom:video-decoder-ogg-theora: a1e56fd34408186e4bbccfd4996cb3dc -> 
  custom:container-muxer-webm: aa71ff27fc2769a1b78a27578f13a17b -> 
  custom:container-demuxer-webm: 4f35f7cbe854078d1ac9338744f61a02 -> 
  custom:container-demuxer-ogg: 62fdf1f143b41e24485cea50d1cbac27 -> 
  custom:video-encoder-webm-vp8: eb34c28f22e8b96e1ab97ce403110664 -> 
  custom:video-codec-MediaFoundation-h265: 746d11721c4dcdbdad8f713fa42b33f4 -> 
  custom:video-decoder-webm-vp8: 9c59270c3fd7afecdb556c50c9e8de78 -> 
  custom:audio-decoder-ogg-vorbis: bf7c407c2cedff20999df2af8eb42d56 -> 
  custom:audio-encoder-webm-vorbis: bf7c407c2cedff20999df2af8eb42d56 -> 
AssetImportWorkerClient::OnTransportError - code=2 error=End of file
