Using pre-set license
Built from '2020.3/staging' branch; Version is '2020.3.32f1 (12f8b0834f07) revision 1243312'; Using compiler version '192528614'; Build Type 'Release'
OS: 'Windows 10  (10.0.19044) 64bit CoreSingleLanguage' Language: 'en' Physical Memory: 7541 MB
BatchMode: 1, IsHumanControllingUs: 0, StartBugReporterOnCrash: 0, Is64bit: 1, IsPro: 0

COMMAND LINE ARGUMENTS:
C:\Program Files\Unity\Hub\Editor\2020.3.32f1\Editor\Unity.exe
-adb2
-batchMode
-noUpm
-name
AssetImportWorker0
-projectPath
C:/Users/akash/Chapter1
-logFile
Logs/AssetImportWorker0.log
-srvPort
61891
Successfully changed project path to: C:/Users/akash/Chapter1
C:/Users/akash/Chapter1
Using Asset Import Pipeline V2.
Refreshing native plugins compatible for Editor in 324.62 ms, found 3 plugins.
Preloading 0 native plugins for Editor in 0.00 ms.
Initialize engine version: 2020.3.32f1 (12f8b0834f07)
[Subsystems] Discovering subsystems at path C:/Program Files/Unity/Hub/Editor/2020.3.32f1/Editor/Data/Resources/UnitySubsystems
[Subsystems] Discovering subsystems at path C:/Users/akash/Chapter1/Assets
GfxDevice: creating device client; threaded=0
Direct3D:
    Version:  Direct3D 11.0 [level 11.1]
    Renderer: NVIDIA GeForce GTX 1650 (ID=0x1f99)
    Vendor:   
    VRAM:     3962 MB
    Driver:   30.0.15.1278
Initialize mono
Mono path[0] = 'C:/Program Files/Unity/Hub/Editor/2020.3.32f1/Editor/Data/Managed'
Mono path[1] = 'C:/Program Files/Unity/Hub/Editor/2020.3.32f1/Editor/Data/MonoBleedingEdge/lib/mono/unityjit'
Mono config path = 'C:/Program Files/Unity/Hub/Editor/2020.3.32f1/Editor/Data/MonoBleedingEdge/etc'
Using monoOptions --debugger-agent=transport=dt_socket,embedding=1,server=y,suspend=n,address=127.0.0.1:56216
Begin MonoManager ReloadAssembly
Registering precompiled unity dll's ...
Register platform support module: C:/Program Files/Unity/Hub/Editor/2020.3.32f1/Editor/Data/PlaybackEngines/WebGLSupport/UnityEditor.WebGL.Extensions.dll
Register platform support module: C:/Program Files/Unity/Hub/Editor/2020.3.32f1/Editor/Data/PlaybackEngines/WindowsStandaloneSupport/UnityEditor.WindowsStandalone.Extensions.dll
Registered in 0.013943 seconds.
Native extension for WindowsStandalone target not found
Native extension for WebGL target not found
Refreshing native plugins compatible for Editor in 181.91 ms, found 3 plugins.
Preloading 0 native plugins for Editor in 0.00 ms.
Mono: successfully reloaded assembly
- Completed reload, in  1.665 seconds
Domain Reload Profiling:
	ReloadAssembly (1666ms)
		BeginReloadAssembly (290ms)
			ExecutionOrderSort (0ms)
			DisableScriptedObjects (0ms)
			BackupInstance (0ms)
			ReleaseScriptingObjects (0ms)
			CreateAndSetChildDomain (2ms)
		EndReloadAssembly (1144ms)
			LoadAssemblies (284ms)
			RebuildTransferFunctionScriptingTraits (1ms)
			SetupTypeCache (317ms)
			ReleaseScriptCaches (0ms)
			RebuildScriptCaches (74ms)
			SetupLoadedEditorAssemblies (468ms)
				LogAssemblyErrors (0ms)
				InitializePlatformSupportModulesInManaged (20ms)
				SetLoadedEditorAssemblies (0ms)
				RefreshPlugins (182ms)
				BeforeProcessingInitializeOnLoad (40ms)
				ProcessInitializeOnLoadAttributes (176ms)
				ProcessInitializeOnLoadMethodAttributes (48ms)
				AfterProcessingInitializeOnLoad (0ms)
				EditorAssembliesLoaded (1ms)
			ExecutionOrderSort2 (0ms)
			AwakeInstancesAfterBackupRestoration (0ms)
Platform modules already initialized, skipping
Registering precompiled user dll's ...
Registered in 0.016439 seconds.
Begin MonoManager ReloadAssembly
Native extension for WindowsStandalone target not found
Native extension for WebGL target not found
Refreshing native plugins compatible for Editor in 182.13 ms, found 3 plugins.
Preloading 0 native plugins for Editor in 0.00 ms.
Mono: successfully reloaded assembly
- Completed reload, in  2.695 seconds
Domain Reload Profiling:
	ReloadAssembly (2696ms)
		BeginReloadAssembly (358ms)
			ExecutionOrderSort (0ms)
			DisableScriptedObjects (11ms)
			BackupInstance (0ms)
			ReleaseScriptingObjects (0ms)
			CreateAndSetChildDomain (42ms)
		EndReloadAssembly (2207ms)
			LoadAssemblies (292ms)
			RebuildTransferFunctionScriptingTraits (0ms)
			SetupTypeCache (688ms)
			ReleaseScriptCaches (1ms)
			RebuildScriptCaches (103ms)
			SetupLoadedEditorAssemblies (902ms)
				LogAssemblyErrors (0ms)
				InitializePlatformSupportModulesInManaged (12ms)
				SetLoadedEditorAssemblies (0ms)
				RefreshPlugins (182ms)
				BeforeProcessingInitializeOnLoad (216ms)
				ProcessInitializeOnLoadAttributes (417ms)
				ProcessInitializeOnLoadMethodAttributes (50ms)
				AfterProcessingInitializeOnLoad (23ms)
				EditorAssembliesLoaded (0ms)
			ExecutionOrderSort2 (0ms)
			AwakeInstancesAfterBackupRestoration (15ms)
Platform modules already initialized, skipping
========================================================================
Worker process is ready to serve import requests
Launched and connected shader compiler UnityShaderCompiler.exe after 0.16 seconds
Refreshing native plugins compatible for Editor in 1.58 ms, found 3 plugins.
Preloading 0 native plugins for Editor in 0.00 ms.
Unloading 2387 Unused Serialized files (Serialized files now loaded: 0)
System memory in use before: 108.3 MB.
System memory in use after: 108.3 MB.

Unloading 31 unused Assets to reduce memory usage. Loaded Objects now: 2819.
Total: 10.784100 ms (FindLiveObjects: 0.484100 ms CreateObjectMapping: 0.182000 ms MarkObjects: 9.808200 ms  DeleteObjects: 0.306900 ms)

AssetImportParameters requested are different than current active one (requested -> active):
  custom:framework-win-MediaFoundation: 216162199b28c13a410421893ffa2e32 -> 
  custom:video-decoder-ogg-theora: a1e56fd34408186e4bbccfd4996cb3dc -> 
  custom:container-muxer-webm: aa71ff27fc2769a1b78a27578f13a17b -> 
  custom:container-demuxer-webm: 4f35f7cbe854078d1ac9338744f61a02 -> 
  custom:container-demuxer-ogg: 62fdf1f143b41e24485cea50d1cbac27 -> 
  custom:video-encoder-webm-vp8: eb34c28f22e8b96e1ab97ce403110664 -> 
  custom:video-codec-MediaFoundation-h265: 746d11721c4dcdbdad8f713fa42b33f4 -> 
  custom:video-decoder-webm-vp8: 9c59270c3fd7afecdb556c50c9e8de78 -> 
  custom:audio-decoder-ogg-vorbis: bf7c407c2cedff20999df2af8eb42d56 -> 
  custom:audio-encoder-webm-vorbis: bf7c407c2cedff20999df2af8eb42d56 -> 
========================================================================
Received Import Request.
  path: Assets/Prefab/PlayerAnimation/Player_Ideal.anim
  artifactKey: Guid(0e665bb6c7ce0a541a58a2ffe4aac3b6) Importer(815301076,1909f56bfc062723c751e8b465ee728b)
Start importing Assets/Prefab/PlayerAnimation/Player_Ideal.anim using Guid(0e665bb6c7ce0a541a58a2ffe4aac3b6) Importer(815301076,1909f56bfc062723c751e8b465ee728b)  -> (artifact id: '095e45ae4471cee9fa2702c4e7cbc030') in 0.083504 seconds 
========================================================================
Received Import Request.
  Time since last request: 0.000930 seconds.
  path: Assets/Prefab/PlayerAnimation/Player.controller
  artifactKey: Guid(2eccff3d4632eb0448fb8c7458292dc7) Importer(815301076,1909f56bfc062723c751e8b465ee728b)
Start importing Assets/Prefab/PlayerAnimation/Player.controller using Guid(2eccff3d4632eb0448fb8c7458292dc7) Importer(815301076,1909f56bfc062723c751e8b465ee728b)  -> (artifact id: '258495bf0dec762a235d86b2ad7e474a') in 0.021513 seconds 
========================================================================
Received Import Request.
  Time since last request: 67.115756 seconds.
  path: Assets/Prefab/PlayerAnimation/Player_run.anim
  artifactKey: Guid(0e9601b152c0ff04499301ad2a73d032) Importer(815301076,1909f56bfc062723c751e8b465ee728b)
Start importing Assets/Prefab/PlayerAnimation/Player_run.anim using Guid(0e9601b152c0ff04499301ad2a73d032) Importer(815301076,1909f56bfc062723c751e8b465ee728b)  -> (artifact id: '07727e4a3cc9b9db27038f9041a270a4') in 0.013759 seconds 
========================================================================
Received Import Request.
  Time since last request: 1257.021264 seconds.
  path: Assets/2DGamekit/2DGameKit_Third-PartyNotice.txt
  artifactKey: Guid(b6580c1460e4cdc4faed60b673cfbdfb) Importer(815301076,1909f56bfc062723c751e8b465ee728b)
Start importing Assets/2DGamekit/2DGameKit_Third-PartyNotice.txt using Guid(b6580c1460e4cdc4faed60b673cfbdfb) Importer(815301076,1909f56bfc062723c751e8b465ee728b)  -> (artifact id: '9fbae3eff95531f974389804c8ef973b') in 0.094285 seconds 
========================================================================
Received Import Request.
  Time since last request: 217.030754 seconds.
  path: Assets/2DGamekit/Scripts/SceneManagement/TransitionPoint.cs
  artifactKey: Guid(669cc1f85c2f463459fe05d2c53835cb) Importer(815301076,1909f56bfc062723c751e8b465ee728b)
Start importing Assets/2DGamekit/Scripts/SceneManagement/TransitionPoint.cs using Guid(669cc1f85c2f463459fe05d2c53835cb) Importer(815301076,1909f56bfc062723c751e8b465ee728b)  -> (artifact id: '717161f288d46d7acf6357c50c5feb55') in 0.040510 seconds 
========================================================================
Received Import Request.
  Time since last request: 12.242146 seconds.
  path: Assets/2DGamekit/Scripts/SceneManagement/CharacterStateSetter.cs
  artifactKey: Guid(2af78733760a433428be623392433ff1) Importer(815301076,1909f56bfc062723c751e8b465ee728b)
Start importing Assets/2DGamekit/Scripts/SceneManagement/CharacterStateSetter.cs using Guid(2af78733760a433428be623392433ff1) Importer(815301076,1909f56bfc062723c751e8b465ee728b)  -> (artifact id: '8a85ecda76ffe36ef806a71caa01ab28') in 0.011274 seconds 
========================================================================
Received Import Request.
  Time since last request: 59.355746 seconds.
  path: Assets/2DGamekit/Scripts/SceneManagement/TransitionPoint.cs
  artifactKey: Guid(669cc1f85c2f463459fe05d2c53835cb) Importer(815301076,1909f56bfc062723c751e8b465ee728b)
Start importing Assets/2DGamekit/Scripts/SceneManagement/TransitionPoint.cs using Guid(669cc1f85c2f463459fe05d2c53835cb) Importer(815301076,1909f56bfc062723c751e8b465ee728b)  -> (artifact id: '8aab52b79d810b76ed7ae96542155a46') in 0.012094 seconds 
========================================================================
Received Import Request.
  Time since last request: 839.658176 seconds.
  path: Assets/2DGamekit/Utilities
  artifactKey: Guid(583a1077cd86a95418dee1b4a1ea4724) Importer(815301076,1909f56bfc062723c751e8b465ee728b)
Start importing Assets/2DGamekit/Utilities using Guid(583a1077cd86a95418dee1b4a1ea4724) Importer(815301076,1909f56bfc062723c751e8b465ee728b)  -> (artifact id: 'd1f2ea71ea6e25722ffca9ec60b2fe0c') in 0.011696 seconds 
AssetImportWorkerClient::OnTransportError - code=2 error=End of file
